256550b (HEAD -> master, origin/master) Chapter 12 completed
4e7369f Chapter 12 incomplete
b7a368c Chapter 11 Completed
a27d1a0 chapter 10 incomplete
20f5554 Chapter 10 start
98d2179 Chapter 9 completed
a0dab58 Chapter 9 Incomplete
1845acb Chapter 9 incomplete
e642e1e Chapter 9 incomplete
466a9b7 Chapter 9 incomplete
dc8dc26 Chapter 8 complete
62de23e Template inheritance testing
d33fdae Experimenting with Images
46d2c63 Experimenting with Images
e11a3bd Experimenting with Images
58f80cd Experimenting with Images
26b7325 Experimenting with Images
78692ae Experimenting with Images
8c072a0 Experimenting with Images
c04f866 Testing Tasks Links
ef775fa Testing Tasks Links
a024f04 Some books links updated
475d0c8 Updated links
4a9f5c8 Updated links
e1d96d7 Django Learning steps updated
40a9d81 Chapter 7 Incomplete
53ba55c Learning steps
69952ad Chapter 7 completed
1ef1dd1 Chapter 6 completed
99851f5 Notes.md markdown code updated Chapter 5
9487440 Notes.md markdown code updated Chapter 5
64b7df2 Notes.md markdown code updated Chapter 4
d3aadd5 Notes.md markdown code updated
aaa91de Notes.md markdown code updated
90e34d9 Notes.md markdown code updated
83c95d4 Notes updated and working on Chapter 6
50d65cb Trying to pass test runs
69e88d0 Bug fix
2b93839 DB Seeder created
c8bbd94 Merge branch 'master' of https://github.com/nirajkvinit/django_tango
099bd4c Create README.md
6630cee Initial commit
c258628 Initial commit
